../../../../../../Bin/App/SpatLib\TaideSql.ilk
../../../../../../Bin/App/SpatLib\TaideSql.pdb
D:\PROJS\EIOT\SIMBA_R6.0.0009\BIN\APP\SPATLIB\TAIDE.DLL
D:\Projs\Eiot\Simba_R6.0.0009\Bin\App\SpatLib\Taide.exp
D:\Projs\Eiot\Simba_R6.0.0009\Bin\App\SpatLib\Taide.lib
D:\PROJS\EIOT\SIMBA_R6.0.0009\BIN\APP\SPATLIB\TAIDE.PDB
D:\PROJS\EIOT\SIMBA_R6.0.0009\SOURCE\SPATLIB\SOURCE\DLL\CUSTOM\TAIDE\RELEASE\ACTIONAPP.OBJ
D:\PROJS\EIOT\SIMBA_R6.0.0009\SOURCE\SPATLIB\SOURCE\DLL\CUSTOM\TAIDE\RELEASE\APIEXPORT.OBJ
D:\PROJS\EIOT\SIMBA_R6.0.0009\SOURCE\SPATLIB\SOURCE\DLL\CUSTOM\TAIDE\RELEASE\APPVER.OBJ
D:\PROJS\EIOT\SIMBA_R6.0.0009\SOURCE\SPATLIB\SOURCE\DLL\CUSTOM\TAIDE\RELEASE\CLOCKS.OBJ
D:\PROJS\EIOT\SIMBA_R6.0.0009\SOURCE\SPATLIB\SOURCE\DLL\CUSTOM\TAIDE\RELEASE\CSIMPLELOCK.OBJ
D:\PROJS\EIOT\SIMBA_R6.0.0009\SOURCE\SPATLIB\SOURCE\DLL\CUSTOM\TAIDE\RELEASE\IMPBASE.OBJ
D:\PROJS\EIOT\SIMBA_R6.0.0009\SOURCE\SPATLIB\SOURCE\DLL\CUSTOM\TAIDE\RELEASE\MES_BINDDATA.OBJ
D:\PROJS\EIOT\SIMBA_R6.0.0009\SOURCE\SPATLIB\SOURCE\DLL\CUSTOM\TAIDE\RELEASE\MES_CHECKROUTE.OBJ
D:\PROJS\EIOT\SIMBA_R6.0.0009\SOURCE\SPATLIB\SOURCE\DLL\CUSTOM\TAIDE\RELEASE\MES_QUERYDATA.OBJ
D:\PROJS\EIOT\SIMBA_R6.0.0009\SOURCE\SPATLIB\SOURCE\DLL\CUSTOM\TAIDE\RELEASE\MES_SAVE2NEXTSTATION.OBJ
D:\PROJS\EIOT\SIMBA_R6.0.0009\SOURCE\SPATLIB\SOURCE\DLL\CUSTOM\TAIDE\RELEASE\MESDATA.OBJ
D:\PROJS\EIOT\SIMBA_R6.0.0009\SOURCE\SPATLIB\SOURCE\DLL\CUSTOM\TAIDE\RELEASE\MESDRIVER.OBJ
D:\PROJS\EIOT\SIMBA_R6.0.0009\SOURCE\SPATLIB\SOURCE\DLL\CUSTOM\TAIDE\RELEASE\MODESWITCH.OBJ
D:\PROJS\EIOT\SIMBA_R6.0.0009\SOURCE\SPATLIB\SOURCE\DLL\CUSTOM\TAIDE\RELEASE\SPATBASE.OBJ
D:\PROJS\EIOT\SIMBA_R6.0.0009\SOURCE\SPATLIB\SOURCE\DLL\CUSTOM\TAIDE\RELEASE\SPATRUNTIMECLASS.OBJ
D:\PROJS\EIOT\SIMBA_R6.0.0009\SOURCE\SPATLIB\SOURCE\DLL\CUSTOM\TAIDE\RELEASE\STDAFX.OBJ
D:\PROJS\EIOT\SIMBA_R6.0.0009\SOURCE\SPATLIB\SOURCE\DLL\CUSTOM\TAIDE\RELEASE\TAIDE.DLL.INTERMEDIATE.MANIFEST
D:\PROJS\EIOT\SIMBA_R6.0.0009\SOURCE\SPATLIB\SOURCE\DLL\CUSTOM\TAIDE\RELEASE\TAIDE.PCH
D:\PROJS\EIOT\SIMBA_R6.0.0009\SOURCE\SPATLIB\SOURCE\DLL\CUSTOM\TAIDE\RELEASE\TAIDE.RES
D:\PROJS\EIOT\SIMBA_R6.0.0009\SOURCE\SPATLIB\SOURCE\DLL\CUSTOM\TAIDE\RELEASE\THREAD.OBJ
D:\PROJS\EIOT\SIMBA_R6.0.0009\SOURCE\SPATLIB\SOURCE\DLL\CUSTOM\TAIDE\RELEASE\TR.OBJ
D:\PROJS\EIOT\SIMBA_R6.0.0009\SOURCE\SPATLIB\SOURCE\DLL\CUSTOM\TAIDE\RELEASE\UTILITY.OBJ
D:\PROJS\EIOT\SIMBA_R6.0.0009\SOURCE\SPATLIB\SOURCE\DLL\CUSTOM\TAIDE\RELEASE\VC100.PDB
G:\360MoveData\Users\Administrator\Desktop\SimBa\SimBaTool\Source\SpatLib\Source\DLL\Custom\TaideSql\../../../../../../Bin/App/SpatLib\TaideSql.dll
G:\360MoveData\Users\Administrator\Desktop\SimBa\SimBaTool\Source\SpatLib\Source\DLL\Custom\TaideSql\Release\ActionApp.obj
G:\360MoveData\Users\Administrator\Desktop\SimBa\SimBaTool\Source\SpatLib\Source\DLL\Custom\TaideSql\Release\ApiExport.obj
G:\360MoveData\Users\Administrator\Desktop\SimBa\SimBaTool\Source\SpatLib\Source\DLL\Custom\TaideSql\Release\AppVer.obj
G:\360MoveData\Users\Administrator\Desktop\SimBa\SimBaTool\Source\SpatLib\Source\DLL\Custom\TaideSql\Release\cl.command.1.tlog
G:\360MoveData\Users\Administrator\Desktop\SimBa\SimBaTool\Source\SpatLib\Source\DLL\Custom\TaideSql\Release\CL.read.1.tlog
G:\360MoveData\Users\Administrator\Desktop\SimBa\SimBaTool\Source\SpatLib\Source\DLL\Custom\TaideSql\Release\CL.write.1.tlog
G:\360MoveData\Users\Administrator\Desktop\SimBa\SimBaTool\Source\SpatLib\Source\DLL\Custom\TaideSql\Release\CLocks.obj
G:\360MoveData\Users\Administrator\Desktop\SimBa\SimBaTool\Source\SpatLib\Source\DLL\Custom\TaideSql\Release\CSimpleLock.obj
G:\360MoveData\Users\Administrator\Desktop\SimBa\SimBaTool\Source\SpatLib\Source\DLL\Custom\TaideSql\Release\ImpBase.obj
G:\360MoveData\Users\Administrator\Desktop\SimBa\SimBaTool\Source\SpatLib\Source\DLL\Custom\TaideSql\Release\link.command.1.tlog
G:\360MoveData\Users\Administrator\Desktop\SimBa\SimBaTool\Source\SpatLib\Source\DLL\Custom\TaideSql\Release\link.read.1.tlog
G:\360MoveData\Users\Administrator\Desktop\SimBa\SimBaTool\Source\SpatLib\Source\DLL\Custom\TaideSql\Release\link.write.1.tlog
G:\360MoveData\Users\Administrator\Desktop\SimBa\SimBaTool\Source\SpatLib\Source\DLL\Custom\TaideSql\Release\link-cvtres.read.1.tlog
G:\360MoveData\Users\Administrator\Desktop\SimBa\SimBaTool\Source\SpatLib\Source\DLL\Custom\TaideSql\Release\link-cvtres.write.1.tlog
G:\360MoveData\Users\Administrator\Desktop\SimBa\SimBaTool\Source\SpatLib\Source\DLL\Custom\TaideSql\Release\MES_BindData.obj
G:\360MoveData\Users\Administrator\Desktop\SimBa\SimBaTool\Source\SpatLib\Source\DLL\Custom\TaideSql\Release\MES_CheckRoute.obj
G:\360MoveData\Users\Administrator\Desktop\SimBa\SimBaTool\Source\SpatLib\Source\DLL\Custom\TaideSql\Release\MES_QueryData.obj
G:\360MoveData\Users\Administrator\Desktop\SimBa\SimBaTool\Source\SpatLib\Source\DLL\Custom\TaideSql\Release\MES_Save2NextStation.obj
G:\360MoveData\Users\Administrator\Desktop\SimBa\SimBaTool\Source\SpatLib\Source\DLL\Custom\TaideSql\Release\MesData.obj
G:\360MoveData\Users\Administrator\Desktop\SimBa\SimBaTool\Source\SpatLib\Source\DLL\Custom\TaideSql\Release\MesDriver.obj
G:\360MoveData\Users\Administrator\Desktop\SimBa\SimBaTool\Source\SpatLib\Source\DLL\Custom\TaideSql\Release\ModeSwitch.obj
G:\360MoveData\Users\Administrator\Desktop\SimBa\SimBaTool\Source\SpatLib\Source\DLL\Custom\TaideSql\Release\mt.command.1.tlog
G:\360MoveData\Users\Administrator\Desktop\SimBa\SimBaTool\Source\SpatLib\Source\DLL\Custom\TaideSql\Release\mt.read.1.tlog
G:\360MoveData\Users\Administrator\Desktop\SimBa\SimBaTool\Source\SpatLib\Source\DLL\Custom\TaideSql\Release\mt.write.1.tlog
G:\360MoveData\Users\Administrator\Desktop\SimBa\SimBaTool\Source\SpatLib\Source\DLL\Custom\TaideSql\Release\rc.command.1.tlog
G:\360MoveData\Users\Administrator\Desktop\SimBa\SimBaTool\Source\SpatLib\Source\DLL\Custom\TaideSql\Release\rc.read.1.tlog
G:\360MoveData\Users\Administrator\Desktop\SimBa\SimBaTool\Source\SpatLib\Source\DLL\Custom\TaideSql\Release\rc.write.1.tlog
G:\360MoveData\Users\Administrator\Desktop\SimBa\SimBaTool\Source\SpatLib\Source\DLL\Custom\TaideSql\Release\SpatBase.obj
G:\360MoveData\Users\Administrator\Desktop\SimBa\SimBaTool\Source\SpatLib\Source\DLL\Custom\TaideSql\Release\SpatRuntimeClass.obj
G:\360MoveData\Users\Administrator\Desktop\SimBa\SimBaTool\Source\SpatLib\Source\DLL\Custom\TaideSql\Release\stdafx.obj
G:\360MoveData\Users\Administrator\Desktop\SimBa\SimBaTool\Source\SpatLib\Source\DLL\Custom\TaideSql\Release\Taide.dll.intermediate.manifest
G:\360MoveData\Users\Administrator\Desktop\SimBa\SimBaTool\Source\SpatLib\Source\DLL\Custom\TaideSql\Release\Taide.pch
G:\360MoveData\Users\Administrator\Desktop\SimBa\SimBaTool\Source\SpatLib\Source\DLL\Custom\TaideSql\Release\Taide.res
G:\360MoveData\Users\Administrator\Desktop\SimBa\SimBaTool\Source\SpatLib\Source\DLL\Custom\TaideSql\Release\Taide.write.1.tlog
G:\360MoveData\Users\Administrator\Desktop\SimBa\SimBaTool\Source\SpatLib\Source\DLL\Custom\TaideSql\Release\Thread.obj
G:\360MoveData\Users\Administrator\Desktop\SimBa\SimBaTool\Source\SpatLib\Source\DLL\Custom\TaideSql\Release\Tr.obj
G:\360MoveData\Users\Administrator\Desktop\SimBa\SimBaTool\Source\SpatLib\Source\DLL\Custom\TaideSql\Release\Utility.obj
G:\360MoveData\Users\Administrator\Desktop\SimBa\SimBaTool\Source\SpatLib\Source\DLL\Custom\TaideSql\Release\vc100.pdb
