../../../../../../Bin/App/SpatLib\Taide.pdb
D:\PROJS\EIOT\SIMBA_R6.0.0009\BIN\APP\SPATLIB\TAIDE.DLL
D:\Projs\Eiot\Simba_R6.0.0009\Bin\App\SpatLib\Taide.exp
D:\Projs\Eiot\Simba_R6.0.0009\Bin\App\SpatLib\Taide.lib
D:\PROJS\EIOT\SIMBA_R6.0.0009\BIN\APP\SPATLIB\TAIDE.PDB
D:\Projs\Eiot\Simba_R6.0.0009\Source\SpatLib\Source\DLL\Custom\Taide\../../../../../../Bin/App/SpatLib\Taide.dll
D:\PROJS\EIOT\SIMBA_R6.0.0009\SOURCE\SPATLIB\SOURCE\DLL\CUSTOM\TAIDE\RELEASE\ACTIONAPP.OBJ
D:\PROJS\EIOT\SIMBA_R6.0.0009\SOURCE\SPATLIB\SOURCE\DLL\CUSTOM\TAIDE\RELEASE\APIEXPORT.OBJ
D:\PROJS\EIOT\SIMBA_R6.0.0009\SOURCE\SPATLIB\SOURCE\DLL\CUSTOM\TAIDE\RELEASE\APPVER.OBJ
D:\Projs\Eiot\Simba_R6.0.0009\Source\SpatLib\Source\DLL\Custom\Taide\Release\cl.command.1.tlog
D:\Projs\Eiot\Simba_R6.0.0009\Source\SpatLib\Source\DLL\Custom\Taide\Release\CL.read.1.tlog
D:\Projs\Eiot\Simba_R6.0.0009\Source\SpatLib\Source\DLL\Custom\Taide\Release\CL.write.1.tlog
D:\PROJS\EIOT\SIMBA_R6.0.0009\SOURCE\SPATLIB\SOURCE\DLL\CUSTOM\TAIDE\RELEASE\CLOCKS.OBJ
D:\PROJS\EIOT\SIMBA_R6.0.0009\SOURCE\SPATLIB\SOURCE\DLL\CUSTOM\TAIDE\RELEASE\CSIMPLELOCK.OBJ
D:\PROJS\EIOT\SIMBA_R6.0.0009\SOURCE\SPATLIB\SOURCE\DLL\CUSTOM\TAIDE\RELEASE\IMPBASE.OBJ
D:\Projs\Eiot\Simba_R6.0.0009\Source\SpatLib\Source\DLL\Custom\Taide\Release\link.command.1.tlog
D:\Projs\Eiot\Simba_R6.0.0009\Source\SpatLib\Source\DLL\Custom\Taide\Release\link.read.1.tlog
D:\Projs\Eiot\Simba_R6.0.0009\Source\SpatLib\Source\DLL\Custom\Taide\Release\link.write.1.tlog
D:\Projs\Eiot\Simba_R6.0.0009\Source\SpatLib\Source\DLL\Custom\Taide\Release\link-cvtres.read.1.tlog
D:\Projs\Eiot\Simba_R6.0.0009\Source\SpatLib\Source\DLL\Custom\Taide\Release\link-cvtres.write.1.tlog
D:\PROJS\EIOT\SIMBA_R6.0.0009\SOURCE\SPATLIB\SOURCE\DLL\CUSTOM\TAIDE\RELEASE\MES_BINDDATA.OBJ
D:\PROJS\EIOT\SIMBA_R6.0.0009\SOURCE\SPATLIB\SOURCE\DLL\CUSTOM\TAIDE\RELEASE\MES_CHECKROUTE.OBJ
D:\PROJS\EIOT\SIMBA_R6.0.0009\SOURCE\SPATLIB\SOURCE\DLL\CUSTOM\TAIDE\RELEASE\MES_QUERYDATA.OBJ
D:\PROJS\EIOT\SIMBA_R6.0.0009\SOURCE\SPATLIB\SOURCE\DLL\CUSTOM\TAIDE\RELEASE\MES_SAVE2NEXTSTATION.OBJ
D:\PROJS\EIOT\SIMBA_R6.0.0009\SOURCE\SPATLIB\SOURCE\DLL\CUSTOM\TAIDE\RELEASE\MESDATA.OBJ
D:\PROJS\EIOT\SIMBA_R6.0.0009\SOURCE\SPATLIB\SOURCE\DLL\CUSTOM\TAIDE\RELEASE\MESDRIVER.OBJ
D:\PROJS\EIOT\SIMBA_R6.0.0009\SOURCE\SPATLIB\SOURCE\DLL\CUSTOM\TAIDE\RELEASE\MODESWITCH.OBJ
D:\Projs\Eiot\Simba_R6.0.0009\Source\SpatLib\Source\DLL\Custom\Taide\Release\mt.command.1.tlog
D:\Projs\Eiot\Simba_R6.0.0009\Source\SpatLib\Source\DLL\Custom\Taide\Release\mt.read.1.tlog
D:\Projs\Eiot\Simba_R6.0.0009\Source\SpatLib\Source\DLL\Custom\Taide\Release\mt.write.1.tlog
D:\Projs\Eiot\Simba_R6.0.0009\Source\SpatLib\Source\DLL\Custom\Taide\Release\rc.command.1.tlog
D:\Projs\Eiot\Simba_R6.0.0009\Source\SpatLib\Source\DLL\Custom\Taide\Release\rc.read.1.tlog
D:\Projs\Eiot\Simba_R6.0.0009\Source\SpatLib\Source\DLL\Custom\Taide\Release\rc.write.1.tlog
D:\PROJS\EIOT\SIMBA_R6.0.0009\SOURCE\SPATLIB\SOURCE\DLL\CUSTOM\TAIDE\RELEASE\SPATBASE.OBJ
D:\PROJS\EIOT\SIMBA_R6.0.0009\SOURCE\SPATLIB\SOURCE\DLL\CUSTOM\TAIDE\RELEASE\SPATRUNTIMECLASS.OBJ
D:\PROJS\EIOT\SIMBA_R6.0.0009\SOURCE\SPATLIB\SOURCE\DLL\CUSTOM\TAIDE\RELEASE\STDAFX.OBJ
D:\PROJS\EIOT\SIMBA_R6.0.0009\SOURCE\SPATLIB\SOURCE\DLL\CUSTOM\TAIDE\RELEASE\TAIDE.DLL.INTERMEDIATE.MANIFEST
D:\PROJS\EIOT\SIMBA_R6.0.0009\SOURCE\SPATLIB\SOURCE\DLL\CUSTOM\TAIDE\RELEASE\TAIDE.PCH
D:\PROJS\EIOT\SIMBA_R6.0.0009\SOURCE\SPATLIB\SOURCE\DLL\CUSTOM\TAIDE\RELEASE\TAIDE.RES
D:\Projs\Eiot\Simba_R6.0.0009\Source\SpatLib\Source\DLL\Custom\Taide\Release\Taide.write.1.tlog
D:\PROJS\EIOT\SIMBA_R6.0.0009\SOURCE\SPATLIB\SOURCE\DLL\CUSTOM\TAIDE\RELEASE\THREAD.OBJ
D:\PROJS\EIOT\SIMBA_R6.0.0009\SOURCE\SPATLIB\SOURCE\DLL\CUSTOM\TAIDE\RELEASE\TR.OBJ
D:\PROJS\EIOT\SIMBA_R6.0.0009\SOURCE\SPATLIB\SOURCE\DLL\CUSTOM\TAIDE\RELEASE\UTILITY.OBJ
D:\PROJS\EIOT\SIMBA_R6.0.0009\SOURCE\SPATLIB\SOURCE\DLL\CUSTOM\TAIDE\RELEASE\VC100.PDB
