../../../../../../Bin/App/SpatLib\TaideSql.pdb
C:\Users\pc\Desktop\Taide\Source\SimBa\SimBaTool\Bin\App\SpatLib\TaideSql.exp
C:\Users\pc\Desktop\Taide\Source\SimBa\SimBaTool\Bin\App\SpatLib\TaideSql.lib
C:\USERS\PC\DESKTOP\TAIDE\SOURCE\SIMBA\SIMBATOOL\SOURCE\SPATLIB\SOURCE\DLL\CUSTOM\TAIDESQL\DEBUG\ACTIONAPP.OBJ
C:\USERS\PC\DESKTOP\TAIDE\SOURCE\SIMBA\SIMBATOOL\SOURCE\SPATLIB\SOURCE\DLL\CUSTOM\TAIDESQL\DEBUG\APIEXPORT.OBJ
C:\USERS\PC\DESKTOP\TAIDE\SOURCE\SIMBA\SIMBATOOL\SOURCE\SPATLIB\SOURCE\DLL\CUSTOM\TAIDESQL\DEBUG\APPVER.OBJ
C:\Users\pc\Desktop\Taide\Source\SimBa\SimBaTool\Source\SpatLib\Source\DLL\Custom\TaideSql\Debug\cl.command.1.tlog
C:\Users\pc\Desktop\Taide\Source\SimBa\SimBaTool\Source\SpatLib\Source\DLL\Custom\TaideSql\Debug\CL.read.1.tlog
C:\Users\pc\Desktop\Taide\Source\SimBa\SimBaTool\Source\SpatLib\Source\DLL\Custom\TaideSql\Debug\CL.write.1.tlog
C:\USERS\PC\DESKTOP\TAIDE\SOURCE\SIMBA\SIMBATOOL\SOURCE\SPATLIB\SOURCE\DLL\CUSTOM\TAIDESQL\DEBUG\CLOCKS.OBJ
C:\USERS\PC\DESKTOP\TAIDE\SOURCE\SIMBA\SIMBATOOL\SOURCE\SPATLIB\SOURCE\DLL\CUSTOM\TAIDESQL\DEBUG\CSIMPLELOCK.OBJ
C:\USERS\PC\DESKTOP\TAIDE\SOURCE\SIMBA\SIMBATOOL\SOURCE\SPATLIB\SOURCE\DLL\CUSTOM\TAIDESQL\DEBUG\IMPBASE.OBJ
C:\Users\pc\Desktop\Taide\Source\SimBa\SimBaTool\Source\SpatLib\Source\DLL\Custom\TaideSql\Debug\link.command.1.tlog
C:\Users\pc\Desktop\Taide\Source\SimBa\SimBaTool\Source\SpatLib\Source\DLL\Custom\TaideSql\Debug\link.read.1.tlog
C:\Users\pc\Desktop\Taide\Source\SimBa\SimBaTool\Source\SpatLib\Source\DLL\Custom\TaideSql\Debug\link.write.1.tlog
C:\Users\pc\Desktop\Taide\Source\SimBa\SimBaTool\Source\SpatLib\Source\DLL\Custom\TaideSql\Debug\link-cvtres.read.1.tlog
C:\Users\pc\Desktop\Taide\Source\SimBa\SimBaTool\Source\SpatLib\Source\DLL\Custom\TaideSql\Debug\link-cvtres.write.1.tlog
C:\USERS\PC\DESKTOP\TAIDE\SOURCE\SIMBA\SIMBATOOL\SOURCE\SPATLIB\SOURCE\DLL\CUSTOM\TAIDESQL\DEBUG\MES_BINDDATA.OBJ
C:\USERS\PC\DESKTOP\TAIDE\SOURCE\SIMBA\SIMBATOOL\SOURCE\SPATLIB\SOURCE\DLL\CUSTOM\TAIDESQL\DEBUG\MES_CHECKROUTE.OBJ
C:\USERS\PC\DESKTOP\TAIDE\SOURCE\SIMBA\SIMBATOOL\SOURCE\SPATLIB\SOURCE\DLL\CUSTOM\TAIDESQL\DEBUG\MES_QUERYDATA.OBJ
C:\USERS\PC\DESKTOP\TAIDE\SOURCE\SIMBA\SIMBATOOL\SOURCE\SPATLIB\SOURCE\DLL\CUSTOM\TAIDESQL\DEBUG\MES_SAVE2NEXTSTATION.OBJ
C:\USERS\PC\DESKTOP\TAIDE\SOURCE\SIMBA\SIMBATOOL\SOURCE\SPATLIB\SOURCE\DLL\CUSTOM\TAIDESQL\DEBUG\MESDATA.OBJ
C:\USERS\PC\DESKTOP\TAIDE\SOURCE\SIMBA\SIMBATOOL\SOURCE\SPATLIB\SOURCE\DLL\CUSTOM\TAIDESQL\DEBUG\MESDRIVER.OBJ
C:\USERS\PC\DESKTOP\TAIDE\SOURCE\SIMBA\SIMBATOOL\SOURCE\SPATLIB\SOURCE\DLL\CUSTOM\TAIDESQL\DEBUG\MODESWITCH.OBJ
C:\Users\pc\Desktop\Taide\Source\SimBa\SimBaTool\Source\SpatLib\Source\DLL\Custom\TaideSql\Debug\rc.command.1.tlog
C:\Users\pc\Desktop\Taide\Source\SimBa\SimBaTool\Source\SpatLib\Source\DLL\Custom\TaideSql\Debug\rc.read.1.tlog
C:\Users\pc\Desktop\Taide\Source\SimBa\SimBaTool\Source\SpatLib\Source\DLL\Custom\TaideSql\Debug\rc.write.1.tlog
C:\USERS\PC\DESKTOP\TAIDE\SOURCE\SIMBA\SIMBATOOL\SOURCE\SPATLIB\SOURCE\DLL\CUSTOM\TAIDESQL\DEBUG\SPATBASE.OBJ
C:\USERS\PC\DESKTOP\TAIDE\SOURCE\SIMBA\SIMBATOOL\SOURCE\SPATLIB\SOURCE\DLL\CUSTOM\TAIDESQL\DEBUG\SPATRUNTIMECLASS.OBJ
C:\USERS\PC\DESKTOP\TAIDE\SOURCE\SIMBA\SIMBATOOL\SOURCE\SPATLIB\SOURCE\DLL\CUSTOM\TAIDESQL\DEBUG\STDAFX.OBJ
C:\USERS\PC\DESKTOP\TAIDE\SOURCE\SIMBA\SIMBATOOL\SOURCE\SPATLIB\SOURCE\DLL\CUSTOM\TAIDESQL\DEBUG\TAIDESQL.PCH
C:\USERS\PC\DESKTOP\TAIDE\SOURCE\SIMBA\SIMBATOOL\SOURCE\SPATLIB\SOURCE\DLL\CUSTOM\TAIDESQL\DEBUG\TAIDESQL.RES
C:\Users\pc\Desktop\Taide\Source\SimBa\SimBaTool\Source\SpatLib\Source\DLL\Custom\TaideSql\Debug\TaideSql.vcxprojResolveAssemblyReference.cache
C:\Users\pc\Desktop\Taide\Source\SimBa\SimBaTool\Source\SpatLib\Source\DLL\Custom\TaideSql\Debug\TaideSql.write.1.tlog
C:\USERS\PC\DESKTOP\TAIDE\SOURCE\SIMBA\SIMBATOOL\SOURCE\SPATLIB\SOURCE\DLL\CUSTOM\TAIDESQL\DEBUG\THREAD.OBJ
C:\USERS\PC\DESKTOP\TAIDE\SOURCE\SIMBA\SIMBATOOL\SOURCE\SPATLIB\SOURCE\DLL\CUSTOM\TAIDESQL\DEBUG\TR.OBJ
C:\USERS\PC\DESKTOP\TAIDE\SOURCE\SIMBA\SIMBATOOL\SOURCE\SPATLIB\SOURCE\DLL\CUSTOM\TAIDESQL\DEBUG\UTILITY.OBJ
C:\Users\pc\Desktop\Taide\Source\SimBa\SimBaTool\Source\SpatLib\Source\DLL\Custom\TaideSql\Debug\vc100.idb
C:\USERS\PC\DESKTOP\TAIDE\SOURCE\SIMBA\SIMBATOOL\SOURCE\SPATLIB\SOURCE\DLL\CUSTOM\TAIDESQL\DEBUG\VC100.PDB
