../../../../../../Bin/App/SpatLib\Taide.ilk
../../../../../../Bin/App/SpatLib\Taide.pdb
F:\LSQ\PROJ\FTTOOL\SIMBA_R6.0.0009\BIN\APP\SPATLIB\TAIDE.DLL
F:\Lsq\Proj\FtTool\Simba_R6.0.0009\Bin\App\SpatLib\Taide.exp
F:\LSQ\PROJ\FTTOOL\SIMBA_R6.0.0009\BIN\APP\SPATLIB\TAIDE.ILK
F:\Lsq\Proj\FtTool\Simba_R6.0.0009\Bin\App\SpatLib\Taide.lib
F:\LSQ\PROJ\FTTOOL\SIMBA_R6.0.0009\BIN\APP\SPATLIB\TAIDE.PDB
F:\Lsq\Proj\FtTool\Simba_R6.0.0009\Source\SpatLib\Source\DLL\Custom\Taide\../../../../../../Bin/App/SpatLib\Taide.dll
F:\LSQ\PROJ\FTTOOL\SIMBA_R6.0.0009\SOURCE\SPATLIB\SOURCE\DLL\CUSTOM\TAIDE\DEBUG\ACTIONAPP.OBJ
F:\LSQ\PROJ\FTTOOL\SIMBA_R6.0.0009\SOURCE\SPATLIB\SOURCE\DLL\CUSTOM\TAIDE\DEBUG\APIEXPORT.OBJ
F:\LSQ\PROJ\FTTOOL\SIMBA_R6.0.0009\SOURCE\SPATLIB\SOURCE\DLL\CUSTOM\TAIDE\DEBUG\APPVER.OBJ
F:\Lsq\Proj\FtTool\Simba_R6.0.0009\Source\SpatLib\Source\DLL\Custom\Taide\Debug\cl.command.1.tlog
F:\Lsq\Proj\FtTool\Simba_R6.0.0009\Source\SpatLib\Source\DLL\Custom\Taide\Debug\CL.read.1.tlog
F:\Lsq\Proj\FtTool\Simba_R6.0.0009\Source\SpatLib\Source\DLL\Custom\Taide\Debug\CL.write.1.tlog
F:\LSQ\PROJ\FTTOOL\SIMBA_R6.0.0009\SOURCE\SPATLIB\SOURCE\DLL\CUSTOM\TAIDE\DEBUG\CLOCKS.OBJ
F:\LSQ\PROJ\FTTOOL\SIMBA_R6.0.0009\SOURCE\SPATLIB\SOURCE\DLL\CUSTOM\TAIDE\DEBUG\CSIMPLELOCK.OBJ
F:\LSQ\PROJ\FTTOOL\SIMBA_R6.0.0009\SOURCE\SPATLIB\SOURCE\DLL\CUSTOM\TAIDE\DEBUG\IMPBASE.OBJ
F:\Lsq\Proj\FtTool\Simba_R6.0.0009\Source\SpatLib\Source\DLL\Custom\Taide\Debug\link.command.1.tlog
F:\Lsq\Proj\FtTool\Simba_R6.0.0009\Source\SpatLib\Source\DLL\Custom\Taide\Debug\link.read.1.tlog
F:\Lsq\Proj\FtTool\Simba_R6.0.0009\Source\SpatLib\Source\DLL\Custom\Taide\Debug\link.write.1.tlog
F:\Lsq\Proj\FtTool\Simba_R6.0.0009\Source\SpatLib\Source\DLL\Custom\Taide\Debug\link-cvtres.read.1.tlog
F:\Lsq\Proj\FtTool\Simba_R6.0.0009\Source\SpatLib\Source\DLL\Custom\Taide\Debug\link-cvtres.write.1.tlog
F:\LSQ\PROJ\FTTOOL\SIMBA_R6.0.0009\SOURCE\SPATLIB\SOURCE\DLL\CUSTOM\TAIDE\DEBUG\MES_BINDDATA.OBJ
F:\LSQ\PROJ\FTTOOL\SIMBA_R6.0.0009\SOURCE\SPATLIB\SOURCE\DLL\CUSTOM\TAIDE\DEBUG\MES_CHECKROUTE.OBJ
F:\LSQ\PROJ\FTTOOL\SIMBA_R6.0.0009\SOURCE\SPATLIB\SOURCE\DLL\CUSTOM\TAIDE\DEBUG\MES_QUERYDATA.OBJ
F:\LSQ\PROJ\FTTOOL\SIMBA_R6.0.0009\SOURCE\SPATLIB\SOURCE\DLL\CUSTOM\TAIDE\DEBUG\MES_SAVE2NEXTSTATION.OBJ
F:\LSQ\PROJ\FTTOOL\SIMBA_R6.0.0009\SOURCE\SPATLIB\SOURCE\DLL\CUSTOM\TAIDE\DEBUG\MESDATA.OBJ
F:\LSQ\PROJ\FTTOOL\SIMBA_R6.0.0009\SOURCE\SPATLIB\SOURCE\DLL\CUSTOM\TAIDE\DEBUG\MESDRIVER.OBJ
F:\LSQ\PROJ\FTTOOL\SIMBA_R6.0.0009\SOURCE\SPATLIB\SOURCE\DLL\CUSTOM\TAIDE\DEBUG\MODESWITCH.OBJ
F:\Lsq\Proj\FtTool\Simba_R6.0.0009\Source\SpatLib\Source\DLL\Custom\Taide\Debug\rc.command.1.tlog
F:\Lsq\Proj\FtTool\Simba_R6.0.0009\Source\SpatLib\Source\DLL\Custom\Taide\Debug\rc.read.1.tlog
F:\Lsq\Proj\FtTool\Simba_R6.0.0009\Source\SpatLib\Source\DLL\Custom\Taide\Debug\rc.write.1.tlog
F:\LSQ\PROJ\FTTOOL\SIMBA_R6.0.0009\SOURCE\SPATLIB\SOURCE\DLL\CUSTOM\TAIDE\DEBUG\SPATBASE.OBJ
F:\LSQ\PROJ\FTTOOL\SIMBA_R6.0.0009\SOURCE\SPATLIB\SOURCE\DLL\CUSTOM\TAIDE\DEBUG\SPATRUNTIMECLASS.OBJ
F:\LSQ\PROJ\FTTOOL\SIMBA_R6.0.0009\SOURCE\SPATLIB\SOURCE\DLL\CUSTOM\TAIDE\DEBUG\STDAFX.OBJ
F:\LSQ\PROJ\FTTOOL\SIMBA_R6.0.0009\SOURCE\SPATLIB\SOURCE\DLL\CUSTOM\TAIDE\DEBUG\TAIDE.PCH
F:\LSQ\PROJ\FTTOOL\SIMBA_R6.0.0009\SOURCE\SPATLIB\SOURCE\DLL\CUSTOM\TAIDE\DEBUG\TAIDE.RES
F:\Lsq\Proj\FtTool\Simba_R6.0.0009\Source\SpatLib\Source\DLL\Custom\Taide\Debug\Taide.write.1.tlog
F:\LSQ\PROJ\FTTOOL\SIMBA_R6.0.0009\SOURCE\SPATLIB\SOURCE\DLL\CUSTOM\TAIDE\DEBUG\THREAD.OBJ
F:\LSQ\PROJ\FTTOOL\SIMBA_R6.0.0009\SOURCE\SPATLIB\SOURCE\DLL\CUSTOM\TAIDE\DEBUG\TR.OBJ
F:\LSQ\PROJ\FTTOOL\SIMBA_R6.0.0009\SOURCE\SPATLIB\SOURCE\DLL\CUSTOM\TAIDE\DEBUG\UTILITY.OBJ
F:\Lsq\Proj\FtTool\Simba_R6.0.0009\Source\SpatLib\Source\DLL\Custom\Taide\Debug\vc100.idb
F:\LSQ\PROJ\FTTOOL\SIMBA_R6.0.0009\SOURCE\SPATLIB\SOURCE\DLL\CUSTOM\TAIDE\DEBUG\VC100.PDB
