生成启动时间为 2019/9/25 13:53:42。
     1>项目“C:\Users\pc\Desktop\Taide\Source\Projects\MES_ATE_SQLSERVER\MES_ATE_SQLSERVER\MES_ATE_SQLSERVER.vcxproj”在节点 2 上(build 个目标)。
     1>InitializeBuildStatus:
         正在创建“Debug\MES_ATE_SQLSERVER.unsuccessfulbuild”，因为已指定“AlwaysCreate”。
       ClCompile:
         所有输出均为最新。
         c:\Program Files (x86)\Microsoft Visual Studio 10.0\VC\bin\CL.exe /c /ZI /nologo /W3 /WX- /Od /Oy- /D WIN32 /D _WINDOWS /D _DEBUG /D _USRDLL /D _AFX_NO_DAO_SUPPORT /D _WINDLL /D _UNICODE /D UNICODE /D _AFXDLL /Gm /EHsc /RTC1 /MDd /GS /fp:precise /Zc:wchar_t /Zc:forScope /Yu"StdAfx.h" /Fp"Debug\MES_ATE_SQLSERVER.pch" /Fo"Debug\\" /Fd"Debug\vc100.pdb" /Gd /TP /analyze- /errorReport:prompt Device.cpp Main.cpp
         Main.cpp
     1>c:\users\pc\desktop\taide\source\projects\mes_ate_sqlserver\mes_ate_sqlserver\main.cpp(29): warning C4996: 'strcpy': This function or variable may be unsafe. Consider using strcpy_s instead. To disable deprecation, use _CRT_SECURE_NO_WARNINGS. See online help for details.
                 c:\program files (x86)\microsoft visual studio 10.0\vc\include\string.h(105) : 参见“strcpy”的声明
     1>c:\users\pc\desktop\taide\source\projects\mes_ate_sqlserver\mes_ate_sqlserver\main.cpp(31): warning C4996: 'strcat': This function or variable may be unsafe. Consider using strcat_s instead. To disable deprecation, use _CRT_SECURE_NO_WARNINGS. See online help for details.
                 c:\program files (x86)\microsoft visual studio 10.0\vc\include\string.h(110) : 参见“strcat”的声明
     1>c:\users\pc\desktop\taide\source\projects\mes_ate_sqlserver\mes_ate_sqlserver\main.cpp(37): warning C4996: 'strcpy': This function or variable may be unsafe. Consider using strcpy_s instead. To disable deprecation, use _CRT_SECURE_NO_WARNINGS. See online help for details.
                 c:\program files (x86)\microsoft visual studio 10.0\vc\include\string.h(105) : 参见“strcpy”的声明
     1>c:\users\pc\desktop\taide\source\projects\mes_ate_sqlserver\mes_ate_sqlserver\main.cpp(38): warning C4996: 'strcat': This function or variable may be unsafe. Consider using strcat_s instead. To disable deprecation, use _CRT_SECURE_NO_WARNINGS. See online help for details.
                 c:\program files (x86)\microsoft visual studio 10.0\vc\include\string.h(110) : 参见“strcat”的声明
     1>c:\users\pc\desktop\taide\source\projects\mes_ate_sqlserver\mes_ate_sqlserver\main.cpp(39): warning C4996: 'strcat': This function or variable may be unsafe. Consider using strcat_s instead. To disable deprecation, use _CRT_SECURE_NO_WARNINGS. See online help for details.
                 c:\program files (x86)\microsoft visual studio 10.0\vc\include\string.h(110) : 参见“strcat”的声明
     1>c:\users\pc\desktop\taide\source\projects\mes_ate_sqlserver\mes_ate_sqlserver\main.cpp(41): warning C4996: 'fopen': This function or variable may be unsafe. Consider using fopen_s instead. To disable deprecation, use _CRT_SECURE_NO_WARNINGS. See online help for details.
                 c:\program files (x86)\microsoft visual studio 10.0\vc\include\stdio.h(234) : 参见“fopen”的声明
     1>c:\users\pc\desktop\taide\source\projects\mes_ate_sqlserver\mes_ate_sqlserver\main.cpp(86): warning C4996: 'strcpy': This function or variable may be unsafe. Consider using strcpy_s instead. To disable deprecation, use _CRT_SECURE_NO_WARNINGS. See online help for details.
                 c:\program files (x86)\microsoft visual studio 10.0\vc\include\string.h(105) : 参见“strcpy”的声明
     1>c:\users\pc\desktop\taide\source\projects\mes_ate_sqlserver\mes_ate_sqlserver\main.cpp(106): warning C4996: 'strcpy': This function or variable may be unsafe. Consider using strcpy_s instead. To disable deprecation, use _CRT_SECURE_NO_WARNINGS. See online help for details.
                 c:\program files (x86)\microsoft visual studio 10.0\vc\include\string.h(105) : 参见“strcpy”的声明
     1>c:\users\pc\desktop\taide\source\projects\mes_ate_sqlserver\mes_ate_sqlserver\main.cpp(130): warning C4996: 'strcpy': This function or variable may be unsafe. Consider using strcpy_s instead. To disable deprecation, use _CRT_SECURE_NO_WARNINGS. See online help for details.
                 c:\program files (x86)\microsoft visual studio 10.0\vc\include\string.h(105) : 参见“strcpy”的声明
     1>c:\users\pc\desktop\taide\source\projects\mes_ate_sqlserver\mes_ate_sqlserver\main.cpp(164): warning C4996: 'strcpy': This function or variable may be unsafe. Consider using strcpy_s instead. To disable deprecation, use _CRT_SECURE_NO_WARNINGS. See online help for details.
                 c:\program files (x86)\microsoft visual studio 10.0\vc\include\string.h(105) : 参见“strcpy”的声明
     1>c:\users\pc\desktop\taide\source\projects\mes_ate_sqlserver\mes_ate_sqlserver\main.cpp(166): warning C4996: 'strcat': This function or variable may be unsafe. Consider using strcat_s instead. To disable deprecation, use _CRT_SECURE_NO_WARNINGS. See online help for details.
                 c:\program files (x86)\microsoft visual studio 10.0\vc\include\string.h(110) : 参见“strcat”的声明
     1>c:\users\pc\desktop\taide\source\projects\mes_ate_sqlserver\mes_ate_sqlserver\main.cpp(172): warning C4996: 'strcpy': This function or variable may be unsafe. Consider using strcpy_s instead. To disable deprecation, use _CRT_SECURE_NO_WARNINGS. See online help for details.
                 c:\program files (x86)\microsoft visual studio 10.0\vc\include\string.h(105) : 参见“strcpy”的声明
     1>c:\users\pc\desktop\taide\source\projects\mes_ate_sqlserver\mes_ate_sqlserver\main.cpp(173): warning C4996: 'strcat': This function or variable may be unsafe. Consider using strcat_s instead. To disable deprecation, use _CRT_SECURE_NO_WARNINGS. See online help for details.
                 c:\program files (x86)\microsoft visual studio 10.0\vc\include\string.h(110) : 参见“strcat”的声明
     1>c:\users\pc\desktop\taide\source\projects\mes_ate_sqlserver\mes_ate_sqlserver\main.cpp(174): warning C4996: 'strcat': This function or variable may be unsafe. Consider using strcat_s instead. To disable deprecation, use _CRT_SECURE_NO_WARNINGS. See online help for details.
                 c:\program files (x86)\microsoft visual studio 10.0\vc\include\string.h(110) : 参见“strcat”的声明
     1>c:\users\pc\desktop\taide\source\projects\mes_ate_sqlserver\mes_ate_sqlserver\main.cpp(176): warning C4996: 'fopen': This function or variable may be unsafe. Consider using fopen_s instead. To disable deprecation, use _CRT_SECURE_NO_WARNINGS. See online help for details.
                 c:\program files (x86)\microsoft visual studio 10.0\vc\include\stdio.h(234) : 参见“fopen”的声明
     1>c:\users\pc\desktop\taide\source\projects\mes_ate_sqlserver\mes_ate_sqlserver\main.cpp(226): warning C4996: 'strcpy': This function or variable may be unsafe. Consider using strcpy_s instead. To disable deprecation, use _CRT_SECURE_NO_WARNINGS. See online help for details.
                 c:\program files (x86)\microsoft visual studio 10.0\vc\include\string.h(105) : 参见“strcpy”的声明
     1>c:\users\pc\desktop\taide\source\projects\mes_ate_sqlserver\mes_ate_sqlserver\main.cpp(246): warning C4996: 'strcpy': This function or variable may be unsafe. Consider using strcpy_s instead. To disable deprecation, use _CRT_SECURE_NO_WARNINGS. See online help for details.
                 c:\program files (x86)\microsoft visual studio 10.0\vc\include\string.h(105) : 参见“strcpy”的声明
     1>c:\users\pc\desktop\taide\source\projects\mes_ate_sqlserver\mes_ate_sqlserver\main.cpp(271): warning C4996: 'strcpy': This function or variable may be unsafe. Consider using strcpy_s instead. To disable deprecation, use _CRT_SECURE_NO_WARNINGS. See online help for details.
                 c:\program files (x86)\microsoft visual studio 10.0\vc\include\string.h(105) : 参见“strcpy”的声明
     1>c:\users\pc\desktop\taide\source\projects\mes_ate_sqlserver\mes_ate_sqlserver\main.cpp(295): warning C4996: 'strcpy': This function or variable may be unsafe. Consider using strcpy_s instead. To disable deprecation, use _CRT_SECURE_NO_WARNINGS. See online help for details.
                 c:\program files (x86)\microsoft visual studio 10.0\vc\include\string.h(105) : 参见“strcpy”的声明
     1>c:\users\pc\desktop\taide\source\projects\mes_ate_sqlserver\mes_ate_sqlserver\main.cpp(297): warning C4996: 'strcat': This function or variable may be unsafe. Consider using strcat_s instead. To disable deprecation, use _CRT_SECURE_NO_WARNINGS. See online help for details.
                 c:\program files (x86)\microsoft visual studio 10.0\vc\include\string.h(110) : 参见“strcat”的声明
     1>c:\users\pc\desktop\taide\source\projects\mes_ate_sqlserver\mes_ate_sqlserver\main.cpp(303): warning C4996: 'strcpy': This function or variable may be unsafe. Consider using strcpy_s instead. To disable deprecation, use _CRT_SECURE_NO_WARNINGS. See online help for details.
                 c:\program files (x86)\microsoft visual studio 10.0\vc\include\string.h(105) : 参见“strcpy”的声明
     1>c:\users\pc\desktop\taide\source\projects\mes_ate_sqlserver\mes_ate_sqlserver\main.cpp(304): warning C4996: 'strcat': This function or variable may be unsafe. Consider using strcat_s instead. To disable deprecation, use _CRT_SECURE_NO_WARNINGS. See online help for details.
                 c:\program files (x86)\microsoft visual studio 10.0\vc\include\string.h(110) : 参见“strcat”的声明
     1>c:\users\pc\desktop\taide\source\projects\mes_ate_sqlserver\mes_ate_sqlserver\main.cpp(305): warning C4996: 'strcat': This function or variable may be unsafe. Consider using strcat_s instead. To disable deprecation, use _CRT_SECURE_NO_WARNINGS. See online help for details.
                 c:\program files (x86)\microsoft visual studio 10.0\vc\include\string.h(110) : 参见“strcat”的声明
     1>c:\users\pc\desktop\taide\source\projects\mes_ate_sqlserver\mes_ate_sqlserver\main.cpp(307): warning C4996: 'fopen': This function or variable may be unsafe. Consider using fopen_s instead. To disable deprecation, use _CRT_SECURE_NO_WARNINGS. See online help for details.
                 c:\program files (x86)\microsoft visual studio 10.0\vc\include\stdio.h(234) : 参见“fopen”的声明
     1>c:\users\pc\desktop\taide\source\projects\mes_ate_sqlserver\mes_ate_sqlserver\main.cpp(354): warning C4996: 'strcpy': This function or variable may be unsafe. Consider using strcpy_s instead. To disable deprecation, use _CRT_SECURE_NO_WARNINGS. See online help for details.
                 c:\program files (x86)\microsoft visual studio 10.0\vc\include\string.h(105) : 参见“strcpy”的声明
     1>c:\users\pc\desktop\taide\source\projects\mes_ate_sqlserver\mes_ate_sqlserver\main.cpp(374): warning C4996: 'strcpy': This function or variable may be unsafe. Consider using strcpy_s instead. To disable deprecation, use _CRT_SECURE_NO_WARNINGS. See online help for details.
                 c:\program files (x86)\microsoft visual studio 10.0\vc\include\string.h(105) : 参见“strcpy”的声明
     1>c:\users\pc\desktop\taide\source\projects\mes_ate_sqlserver\mes_ate_sqlserver\main.cpp(395): warning C4996: 'strcpy': This function or variable may be unsafe. Consider using strcpy_s instead. To disable deprecation, use _CRT_SECURE_NO_WARNINGS. See online help for details.
                 c:\program files (x86)\microsoft visual studio 10.0\vc\include\string.h(105) : 参见“strcpy”的声明
     1>c:\users\pc\desktop\taide\source\projects\mes_ate_sqlserver\mes_ate_sqlserver\main.cpp(427): warning C4996: 'strcpy': This function or variable may be unsafe. Consider using strcpy_s instead. To disable deprecation, use _CRT_SECURE_NO_WARNINGS. See online help for details.
                 c:\program files (x86)\microsoft visual studio 10.0\vc\include\string.h(105) : 参见“strcpy”的声明
     1>c:\users\pc\desktop\taide\source\projects\mes_ate_sqlserver\mes_ate_sqlserver\main.cpp(429): warning C4996: 'strcat': This function or variable may be unsafe. Consider using strcat_s instead. To disable deprecation, use _CRT_SECURE_NO_WARNINGS. See online help for details.
                 c:\program files (x86)\microsoft visual studio 10.0\vc\include\string.h(110) : 参见“strcat”的声明
     1>c:\users\pc\desktop\taide\source\projects\mes_ate_sqlserver\mes_ate_sqlserver\main.cpp(435): warning C4996: 'strcpy': This function or variable may be unsafe. Consider using strcpy_s instead. To disable deprecation, use _CRT_SECURE_NO_WARNINGS. See online help for details.
                 c:\program files (x86)\microsoft visual studio 10.0\vc\include\string.h(105) : 参见“strcpy”的声明
     1>c:\users\pc\desktop\taide\source\projects\mes_ate_sqlserver\mes_ate_sqlserver\main.cpp(436): warning C4996: 'strcat': This function or variable may be unsafe. Consider using strcat_s instead. To disable deprecation, use _CRT_SECURE_NO_WARNINGS. See online help for details.
                 c:\program files (x86)\microsoft visual studio 10.0\vc\include\string.h(110) : 参见“strcat”的声明
     1>c:\users\pc\desktop\taide\source\projects\mes_ate_sqlserver\mes_ate_sqlserver\main.cpp(437): warning C4996: 'strcat': This function or variable may be unsafe. Consider using strcat_s instead. To disable deprecation, use _CRT_SECURE_NO_WARNINGS. See online help for details.
                 c:\program files (x86)\microsoft visual studio 10.0\vc\include\string.h(110) : 参见“strcat”的声明
     1>c:\users\pc\desktop\taide\source\projects\mes_ate_sqlserver\mes_ate_sqlserver\main.cpp(439): warning C4996: 'fopen': This function or variable may be unsafe. Consider using fopen_s instead. To disable deprecation, use _CRT_SECURE_NO_WARNINGS. See online help for details.
                 c:\program files (x86)\microsoft visual studio 10.0\vc\include\stdio.h(234) : 参见“fopen”的声明
     1>c:\users\pc\desktop\taide\source\projects\mes_ate_sqlserver\mes_ate_sqlserver\main.cpp(486): warning C4996: 'strcpy': This function or variable may be unsafe. Consider using strcpy_s instead. To disable deprecation, use _CRT_SECURE_NO_WARNINGS. See online help for details.
                 c:\program files (x86)\microsoft visual studio 10.0\vc\include\string.h(105) : 参见“strcpy”的声明
     1>c:\users\pc\desktop\taide\source\projects\mes_ate_sqlserver\mes_ate_sqlserver\main.cpp(507): warning C4996: 'strcpy': This function or variable may be unsafe. Consider using strcpy_s instead. To disable deprecation, use _CRT_SECURE_NO_WARNINGS. See online help for details.
                 c:\program files (x86)\microsoft visual studio 10.0\vc\include\string.h(105) : 参见“strcpy”的声明
     1>c:\users\pc\desktop\taide\source\projects\mes_ate_sqlserver\mes_ate_sqlserver\main.cpp(529): warning C4996: 'strcpy': This function or variable may be unsafe. Consider using strcpy_s instead. To disable deprecation, use _CRT_SECURE_NO_WARNINGS. See online help for details.
                 c:\program files (x86)\microsoft visual studio 10.0\vc\include\string.h(105) : 参见“strcpy”的声明
         Device.cpp
     1>c:\users\pc\desktop\taide\source\projects\mes_ate_sqlserver\mes_ate_sqlserver\device.cpp(180): warning C4996: 'localtime': This function or variable may be unsafe. Consider using localtime_s instead. To disable deprecation, use _CRT_SECURE_NO_WARNINGS. See online help for details.
                 c:\program files (x86)\microsoft visual studio 10.0\vc\include\time.inl(112) : 参见“localtime”的声明
     1>c:\users\pc\desktop\taide\source\projects\mes_ate_sqlserver\mes_ate_sqlserver\device.cpp(215): warning C4996: 'localtime': This function or variable may be unsafe. Consider using localtime_s instead. To disable deprecation, use _CRT_SECURE_NO_WARNINGS. See online help for details.
                 c:\program files (x86)\microsoft visual studio 10.0\vc\include\time.inl(112) : 参见“localtime”的声明
     1>c:\users\pc\desktop\taide\source\projects\mes_ate_sqlserver\mes_ate_sqlserver\device.cpp(216): warning C4996: 'localtime': This function or variable may be unsafe. Consider using localtime_s instead. To disable deprecation, use _CRT_SECURE_NO_WARNINGS. See online help for details.
                 c:\program files (x86)\microsoft visual studio 10.0\vc\include\time.inl(112) : 参见“localtime”的声明
     1>c:\users\pc\desktop\taide\source\projects\mes_ate_sqlserver\mes_ate_sqlserver\device.cpp(234): warning C4996: 'localtime': This function or variable may be unsafe. Consider using localtime_s instead. To disable deprecation, use _CRT_SECURE_NO_WARNINGS. See online help for details.
                 c:\program files (x86)\microsoft visual studio 10.0\vc\include\time.inl(112) : 参见“localtime”的声明
     1>c:\users\pc\desktop\taide\source\projects\mes_ate_sqlserver\mes_ate_sqlserver\device.cpp(235): warning C4996: 'localtime': This function or variable may be unsafe. Consider using localtime_s instead. To disable deprecation, use _CRT_SECURE_NO_WARNINGS. See online help for details.
                 c:\program files (x86)\microsoft visual studio 10.0\vc\include\time.inl(112) : 参见“localtime”的声明
         正在生成代码...
       ResourceCompile:
         所有输出均为最新。
       ManifestResourceCompile:
         所有输出均为最新。
       Link:
         c:\Program Files (x86)\Microsoft Visual Studio 10.0\VC\bin\link.exe /ERRORREPORT:PROMPT /OUT:"C:\Users\pc\Desktop\Taide\Source\Projects\MES_ATE_SQLSERVER\Debug\MES_ATE_SQLSERVER.dll" /INCREMENTAL /NOLOGO /DEF:".\MES_ATE_SQLSERVER.def" /MANIFEST /ManifestFile:"Debug\MES_ATE_SQLSERVER.dll.intermediate.manifest" /MANIFESTUAC:"level='asInvoker' uiAccess='false'" /DEBUG /PDB:"C:\Users\pc\Desktop\Taide\Source\Projects\MES_ATE_SQLSERVER\Debug\MES_ATE_SQLSERVER.pdb" /SUBSYSTEM:WINDOWS /LTCG /TLBID:1 /DYNAMICBASE /NXCOMPAT /IMPLIB:"C:\Users\pc\Desktop\Taide\Source\Projects\MES_ATE_SQLSERVER\Debug\MES_ATE_SQLSERVER.lib" /MACHINE:X86 /DLL Debug\MES_ATE_SQLSERVER.res
         Debug\MES_ATE_SQLSERVER.dll.embed.manifest.res
         Debug\Device.obj
         Debug\Main.obj
         Debug\MES_ATE_SQLSERVER.obj
         Debug\stdafx.obj
     1>LINK : warning LNK4075: 忽略“/INCREMENTAL”(由于“/LTCG”规范)
            正在创建库 C:\Users\pc\Desktop\Taide\Source\Projects\MES_ATE_SQLSERVER\Debug\MES_ATE_SQLSERVER.lib 和对象 C:\Users\pc\Desktop\Taide\Source\Projects\MES_ATE_SQLSERVER\Debug\MES_ATE_SQLSERVER.exp
         LINK : 已指定 /LTCG，但不需要生成代码；从链接命令行中移除 /LTCG 以提高链接器性能
       Manifest:
         c:\Program Files (x86)\Microsoft SDKs\Windows\v7.0A\bin\mt.exe /nologo /verbose /out:"Debug\MES_ATE_SQLSERVER.dll.embed.manifest" /manifest Debug\MES_ATE_SQLSERVER.dll.intermediate.manifest "c:\Program Files (x86)\Microsoft Visual Studio 10.0\VC\Include\Manifest\dpiaware.manifest"
         所有输出均为最新。
       LinkEmbedManifest:
         所有输出均为最新。
         MES_ATE_SQLSERVER.vcxproj -> C:\Users\pc\Desktop\Taide\Source\Projects\MES_ATE_SQLSERVER\Debug\MES_ATE_SQLSERVER.dll
       FinalizeBuildStatus:
         正在删除文件“Debug\MES_ATE_SQLSERVER.unsuccessfulbuild”。
         正在对“Debug\MES_ATE_SQLSERVER.lastbuildstate”执行 Touch 任务。
     1>已完成生成项目“C:\Users\pc\Desktop\Taide\Source\Projects\MES_ATE_SQLSERVER\MES_ATE_SQLSERVER\MES_ATE_SQLSERVER.vcxproj”(build 个目标)的操作。

生成成功。

已用时间 00:00:01.55
