C:\USERS\PC\DESKTOP\TAIDE\SOURCE\PROJECTS\MES_ATE_SQLSERVER\DEBUG\MES_ATE_SQLSERVER.DLL
C:\Users\pc\Desktop\Taide\Source\Projects\MES_ATE_SQLSERVER\Debug\MES_ATE_SQLSERVER.exp
C:\Users\pc\Desktop\Taide\Source\Projects\MES_ATE_SQLSERVER\Debug\MES_ATE_SQLSERVER.lib
C:\USERS\PC\DESKTOP\TAIDE\SOURCE\PROJECTS\MES_ATE_SQLSERVER\DEBUG\MES_ATE_SQLSERVER.PDB
C:\Users\pc\Desktop\Taide\Source\Projects\MES_ATE_SQLSERVER\MES_ATE_SQLSERVER\Debug\cl.command.1.tlog
C:\Users\pc\Desktop\Taide\Source\Projects\MES_ATE_SQLSERVER\MES_ATE_SQLSERVER\Debug\CL.read.1.tlog
C:\Users\pc\Desktop\Taide\Source\Projects\MES_ATE_SQLSERVER\MES_ATE_SQLSERVER\Debug\CL.write.1.tlog
C:\USERS\PC\DESKTOP\TAIDE\SOURCE\PROJECTS\MES_ATE_SQLSERVER\MES_ATE_SQLSERVER\DEBUG\DEVICE.OBJ
C:\Users\pc\Desktop\Taide\Source\Projects\MES_ATE_SQLSERVER\MES_ATE_SQLSERVER\Debug\link.command.1.tlog
C:\Users\pc\Desktop\Taide\Source\Projects\MES_ATE_SQLSERVER\MES_ATE_SQLSERVER\Debug\link.read.1.tlog
C:\Users\pc\Desktop\Taide\Source\Projects\MES_ATE_SQLSERVER\MES_ATE_SQLSERVER\Debug\link.write.1.tlog
C:\Users\pc\Desktop\Taide\Source\Projects\MES_ATE_SQLSERVER\MES_ATE_SQLSERVER\Debug\link-cvtres.read.1.tlog
C:\Users\pc\Desktop\Taide\Source\Projects\MES_ATE_SQLSERVER\MES_ATE_SQLSERVER\Debug\link-cvtres.write.1.tlog
C:\USERS\PC\DESKTOP\TAIDE\SOURCE\PROJECTS\MES_ATE_SQLSERVER\MES_ATE_SQLSERVER\DEBUG\MAIN.OBJ
C:\USERS\PC\DESKTOP\TAIDE\SOURCE\PROJECTS\MES_ATE_SQLSERVER\MES_ATE_SQLSERVER\DEBUG\MES_ATE_SQLSERVER.DLL.EMBED.MANIFEST
C:\USERS\PC\DESKTOP\TAIDE\SOURCE\PROJECTS\MES_ATE_SQLSERVER\MES_ATE_SQLSERVER\DEBUG\MES_ATE_SQLSERVER.DLL.EMBED.MANIFEST.RES
C:\USERS\PC\DESKTOP\TAIDE\SOURCE\PROJECTS\MES_ATE_SQLSERVER\MES_ATE_SQLSERVER\DEBUG\MES_ATE_SQLSERVER.DLL.INTERMEDIATE.MANIFEST
C:\USERS\PC\DESKTOP\TAIDE\SOURCE\PROJECTS\MES_ATE_SQLSERVER\MES_ATE_SQLSERVER\DEBUG\MES_ATE_SQLSERVER.OBJ
C:\USERS\PC\DESKTOP\TAIDE\SOURCE\PROJECTS\MES_ATE_SQLSERVER\MES_ATE_SQLSERVER\DEBUG\MES_ATE_SQLSERVER.PCH
C:\USERS\PC\DESKTOP\TAIDE\SOURCE\PROJECTS\MES_ATE_SQLSERVER\MES_ATE_SQLSERVER\DEBUG\MES_ATE_SQLSERVER.RES
C:\Users\pc\Desktop\Taide\Source\Projects\MES_ATE_SQLSERVER\MES_ATE_SQLSERVER\Debug\MES_ATE_SQLSERVER.write.1.tlog
C:\Users\pc\Desktop\Taide\Source\Projects\MES_ATE_SQLSERVER\MES_ATE_SQLSERVER\Debug\MES_ATE_SQLSERVER_manifest.rc
C:\Users\pc\Desktop\Taide\Source\Projects\MES_ATE_SQLSERVER\MES_ATE_SQLSERVER\Debug\msado15.tlh
C:\Users\pc\Desktop\Taide\Source\Projects\MES_ATE_SQLSERVER\MES_ATE_SQLSERVER\Debug\msado15.tli
C:\Users\pc\Desktop\Taide\Source\Projects\MES_ATE_SQLSERVER\MES_ATE_SQLSERVER\Debug\mt.command.1.tlog
C:\Users\pc\Desktop\Taide\Source\Projects\MES_ATE_SQLSERVER\MES_ATE_SQLSERVER\Debug\mt.read.1.tlog
C:\Users\pc\Desktop\Taide\Source\Projects\MES_ATE_SQLSERVER\MES_ATE_SQLSERVER\Debug\mt.write.1.tlog
C:\Users\pc\Desktop\Taide\Source\Projects\MES_ATE_SQLSERVER\MES_ATE_SQLSERVER\Debug\rc.command.1.tlog
C:\Users\pc\Desktop\Taide\Source\Projects\MES_ATE_SQLSERVER\MES_ATE_SQLSERVER\Debug\rc.read.1.tlog
C:\Users\pc\Desktop\Taide\Source\Projects\MES_ATE_SQLSERVER\MES_ATE_SQLSERVER\Debug\rc.write.1.tlog
C:\USERS\PC\DESKTOP\TAIDE\SOURCE\PROJECTS\MES_ATE_SQLSERVER\MES_ATE_SQLSERVER\DEBUG\STDAFX.OBJ
C:\Users\pc\Desktop\Taide\Source\Projects\MES_ATE_SQLSERVER\MES_ATE_SQLSERVER\Debug\vc100.idb
C:\USERS\PC\DESKTOP\TAIDE\SOURCE\PROJECTS\MES_ATE_SQLSERVER\MES_ATE_SQLSERVER\DEBUG\VC100.PDB
